\BOOKMARK [0][]{anchor:title.0}{Deep learning overview and application to build poker playing agents}{}% 1
\BOOKMARK [0][]{anchor:abstract.0}{Resumo}{}% 2
\BOOKMARK [0][]{anchor:contents.0}{Table of contents}{}% 3
\BOOKMARK [0][]{chapter.1}{Introduction}{}% 4
\BOOKMARK [1][]{section.1.1}{Motivations}{chapter.1}% 5
\BOOKMARK [1][]{section.1.2}{Goals}{chapter.1}% 6
\BOOKMARK [1][]{section.1.3}{Dissertation Structure}{chapter.1}% 7
\BOOKMARK [0][]{chapter.2}{Background}{}% 8
\BOOKMARK [1][]{section.2.1}{Poker Foundations}{chapter.2}% 9
\BOOKMARK [2][]{subsection.2.1.1}{Hand Ranking}{section.2.1}% 10
\BOOKMARK [2][]{subsection.2.1.2}{Positions}{section.2.1}% 11
\BOOKMARK [2][]{subsection.2.1.3}{Actions}{section.2.1}% 12
\BOOKMARK [2][]{subsection.2.1.4}{Variants}{section.2.1}% 13
\BOOKMARK [1][]{section.2.2}{Related Work}{chapter.2}% 14
\BOOKMARK [0][]{chapter.3}{Learning}{}% 15
\BOOKMARK [1][]{section.3.1}{Deep Learning}{chapter.3}% 16
\BOOKMARK [1][]{section.3.2}{Reinforcement Learning}{chapter.3}% 17
\BOOKMARK [1][]{section.3.3}{Pucker Learning}{chapter.3}% 18
\BOOKMARK [0][]{chapter.4}{Architecture}{}% 19
\BOOKMARK [1][]{section.4.1}{Simulation}{chapter.4}% 20
\BOOKMARK [1][]{section.4.2}{Storage}{chapter.4}% 21
\BOOKMARK [1][]{section.4.3}{Learning}{chapter.4}% 22
\BOOKMARK [1][]{section.4.4}{Prediction}{chapter.4}% 23
\BOOKMARK [0][]{chapter.5}{Evaluation}{}% 24
\BOOKMARK [1][]{section.5.1}{Model metrics}{chapter.5}% 25
\BOOKMARK [1][]{section.5.2}{Poker statistics}{chapter.5}% 26
\BOOKMARK [0][]{chapter.6}{Conclusions}{}% 27
\BOOKMARK [1][]{section.6.1}{Publications}{chapter.6}% 28
\BOOKMARK [1][]{section.6.2}{Contributions}{chapter.6}% 29
\BOOKMARK [1][]{section.6.3}{Future Work}{chapter.6}% 30
\BOOKMARK [0][]{chapter*.2}{Bibliography}{}% 31
